Mon, 12 Sep 2011 14:59:27 +0800	[2]include(C:\Program Files\VertrigoServ\www\ecmall22082011/languages/sc-utf-8/markets_product.lang.php) [<a href='function.include'>function.include</a>]: failed to open stream: No such file or directory	\eccore\ecmall.php	242
Mon, 12 Sep 2011 15:00:03 +0800	[2]include(C:\Program Files\VertrigoServ\www\ecmall22082011/languages/sc-utf-8/markets_product.lang.php) [<a href='function.include'>function.include</a>]: failed to open stream: No such file or directory	\eccore\ecmall.php	242
Mon, 12 Sep 2011 15:00:10 +0800	[2]include(C:\Program Files\VertrigoServ\www\ecmall22082011/languages/sc-utf-8/markets_product.lang.php) [<a href='function.include'>function.include</a>]: failed to open stream: No such file or directory	\eccore\ecmall.php	242
Mon, 12 Sep 2011 15:00:28 +0800	[2]include(C:\Program Files\VertrigoServ\www\ecmall22082011/languages/sc-utf-8/markets_product.lang.php) [<a href='function.include'>function.include</a>]: failed to open stream: No such file or directory	\eccore\ecmall.php	242
Mon, 12 Sep 2011 15:00:58 +0800	[2]include(C:\Program Files\VertrigoServ\www\ecmall22082011/languages/sc-utf-8/markets_product.lang.php) [<a href='function.include'>function.include</a>]: failed to open stream: No such file or directory	\eccore\ecmall.php	242
Mon, 12 Sep 2011 15:01:00 +0800	[2]include(C:\Program Files\VertrigoServ\www\ecmall22082011/languages/sc-utf-8/markets_product.lang.php) [<a href='function.include'>function.include</a>]: failed to open stream: No such file or directory	\eccore\ecmall.php	242
Mon, 12 Sep 2011 15:01:01 +0800	[2]include(C:\Program Files\VertrigoServ\www\ecmall22082011/languages/sc-utf-8/markets_product.lang.php) [<a href='function.include'>function.include</a>]: failed to open stream: No such file or directory	\eccore\ecmall.php	242
Mon, 12 Sep 2011 15:01:41 +0800	[2]include(C:\Program Files\VertrigoServ\www\ecmall22082011/languages/sc-utf-8/markets_product.lang.php) [<a href='function.include'>function.include</a>]: failed to open stream: No such file or directory	\eccore\ecmall.php	242
Mon, 12 Sep 2011 15:03:18 +0800	[2]include(C:\Program Files\VertrigoServ\www\ecmall22082011/languages/sc-utf-8/markets_product.lang.php) [<a href='function.include'>function.include</a>]: failed to open stream: No such file or directory	\eccore\ecmall.php	242
Mon, 12 Sep 2011 15:03:28 +0800	[2]include(C:\Program Files\VertrigoServ\www\ecmall22082011/languages/sc-utf-8/markets_product.lang.php) [<a href='function.include'>function.include</a>]: failed to open stream: No such file or directory	\eccore\ecmall.php	242
Mon, 12 Sep 2011 15:04:42 +0800	[2]include(C:\Program Files\VertrigoServ\www\ecmall22082011/languages/sc-utf-8/markets_product.lang.php) [<a href='function.include'>function.include</a>]: failed to open stream: No such file or directory	\eccore\ecmall.php	242
Mon, 12 Sep 2011 15:04:43 +0800	[2]include(C:\Program Files\VertrigoServ\www\ecmall22082011/languages/sc-utf-8/markets_product.lang.php) [<a href='function.include'>function.include</a>]: failed to open stream: No such file or directory	\eccore\ecmall.php	242
Mon, 12 Sep 2011 15:04:44 +0800	[2]include(C:\Program Files\VertrigoServ\www\ecmall22082011/languages/sc-utf-8/markets_product.lang.php) [<a href='function.include'>function.include</a>]: failed to open stream: No such file or directory	\eccore\ecmall.php	242
Mon, 12 Sep 2011 15:04:44 +0800	[2]include(C:\Program Files\VertrigoServ\www\ecmall22082011/languages/sc-utf-8/markets_product.lang.php) [<a href='function.include'>function.include</a>]: failed to open stream: No such file or directory	\eccore\ecmall.php	242
Wed, 21 Sep 2011 16:59:49 +0800	[256]MySQL Error[1064]: You have an error in your SQL syntax; check the manual that corresponds to your MySQL server version for the right syntax to use near 'AND belong=2 AND item_id=2288 ORDER BY add_time ASC' at line 1
MySQL Query:SELECT f.*,goods_image.*,f.file_id FROM ecm_uploaded_file f LEFT JOIN ecm_goods_image goods_image ON f.file_id = goods_image.file_id WHERE store_id= AND belong=2 AND item_id=2288 ORDER BY add_time ASC
Wrong File:  C:\Program Files\VertrigoServ\www\phienban3\eccore\model\mysql.php[534]	\eccore\model\mysql.php	286
Wed, 21 Sep 2011 17:36:24 +0800	[256]MySQL Error[1064]: You have an error in your SQL syntax; check the manual that corresponds to your MySQL server version for the right syntax to use near 'AND belong=2 AND item_id=2288 ORDER BY add_time ASC' at line 1
MySQL Query:SELECT f.*,goods_image.*,f.file_id FROM ecm_uploaded_file f LEFT JOIN ecm_goods_image goods_image ON f.file_id = goods_image.file_id WHERE store_id= AND belong=2 AND item_id=2288 ORDER BY add_time ASC
Wrong File:  C:\Program Files\VertrigoServ\www\phienban3\eccore\model\mysql.php[534]	\eccore\model\mysql.php	286
Wed, 21 Sep 2011 17:50:48 +0800	[256]MySQL Error[1064]: You have an error in your SQL syntax; check the manual that corresponds to your MySQL server version for the right syntax to use near 'AND belong=2 AND item_id=2288 ORDER BY add_time ASC' at line 1
MySQL Query:SELECT f.*,goods_image.*,f.file_id FROM ecm_uploaded_file f LEFT JOIN ecm_goods_image goods_image ON f.file_id = goods_image.file_id WHERE store_id= AND belong=2 AND item_id=2288 ORDER BY add_time ASC
Wrong File:  C:\Program Files\VertrigoServ\www\phienban3\eccore\model\mysql.php[534]	\eccore\model\mysql.php	286
Thu, 22 Sep 2011 16:47:46 +0800	[256]MySQL Error[1146]: Table 'phienban3.ecm_need' doesn't exist
MySQL Query:SELECT COUNT(*) as c FROM ecm_need need
Wrong File:  C:\Program Files\VertrigoServ\www\phienban3\eccore\model\mysql.php[458]	\eccore\model\mysql.php	286
Fri, 23 Sep 2011 11:35:07 +0800	[2]include(C:\Program Files\VertrigoServ\www\phienban3/languages/sc-utf-8/admin/plquanly.lang.php) [<a href='function.include'>function.include</a>]: failed to open stream: No such file or directory	\eccore\ecmall.php	242
Fri, 23 Sep 2011 11:36:18 +0800	[2]include(C:\Program Files\VertrigoServ\www\phienban3/languages/sc-utf-8/admin/qlsukien.lang.php) [<a href='function.include'>function.include</a>]: failed to open stream: No such file or directory	\eccore\ecmall.php	242
Fri, 23 Sep 2011 11:36:19 +0800	[2]include(C:\Program Files\VertrigoServ\www\phienban3/languages/sc-utf-8/admin/dmchungloai.lang.php) [<a href='function.include'>function.include</a>]: failed to open stream: No such file or directory	\eccore\ecmall.php	242
Fri, 23 Sep 2011 11:36:21 +0800	[2]include(C:\Program Files\VertrigoServ\www\phienban3/languages/sc-utf-8/admin/plquanly.lang.php) [<a href='function.include'>function.include</a>]: failed to open stream: No such file or directory	\eccore\ecmall.php	242
Fri, 23 Sep 2011 11:46:06 +0800	[2]include(C:\Program Files\VertrigoServ\www\phienban3/languages/sc-utf-8/admin/plquanly.lang.php) [<a href='function.include'>function.include</a>]: failed to open stream: No such file or directory	\eccore\ecmall.php	242
Fri, 23 Sep 2011 11:48:32 +0800	[2]include(C:\Program Files\VertrigoServ\www\phienban3/languages/sc-utf-8/admin/plquanly.lang.php) [<a href='function.include'>function.include</a>]: failed to open stream: No such file or directory	\eccore\ecmall.php	242
Fri, 23 Sep 2011 11:50:06 +0800	[2]include(C:\Program Files\VertrigoServ\www\phienban3/languages/sc-utf-8/admin/plquanly.lang.php) [<a href='function.include'>function.include</a>]: failed to open stream: No such file or directory	\eccore\ecmall.php	242
Fri, 23 Sep 2011 11:50:40 +0800	[2]include(C:\Program Files\VertrigoServ\www\phienban3/languages/sc-utf-8/admin/qlsukien.lang.php) [<a href='function.include'>function.include</a>]: failed to open stream: No such file or directory	\eccore\ecmall.php	242
Fri, 23 Sep 2011 11:52:31 +0800	[2]include(C:\Program Files\VertrigoServ\www\phienban3/languages/sc-utf-8/admin/plquanly.lang.php) [<a href='function.include'>function.include</a>]: failed to open stream: No such file or directory	\eccore\ecmall.php	242
Fri, 23 Sep 2011 11:55:48 +0800	[2]include(C:\Program Files\VertrigoServ\www\phienban3/languages/sc-utf-8/admin/dmchungloai.lang.php) [<a href='function.include'>function.include</a>]: failed to open stream: No such file or directory	\eccore\ecmall.php	242
Fri, 23 Sep 2011 11:55:49 +0800	[2]include(C:\Program Files\VertrigoServ\www\phienban3/languages/sc-utf-8/admin/qlsukien.lang.php) [<a href='function.include'>function.include</a>]: failed to open stream: No such file or directory	\eccore\ecmall.php	242
Fri, 23 Sep 2011 11:57:13 +0800	[2]include(C:\Program Files\VertrigoServ\www\phienban3/languages/sc-utf-8/admin/plquanly.lang.php) [<a href='function.include'>function.include</a>]: failed to open stream: No such file or directory	\eccore\ecmall.php	242
Fri, 23 Sep 2011 11:57:14 +0800	[2]include(C:\Program Files\VertrigoServ\www\phienban3/languages/sc-utf-8/admin/plquanly.lang.php) [<a href='function.include'>function.include</a>]: failed to open stream: No such file or directory	\eccore\ecmall.php	242
Fri, 23 Sep 2011 11:57:14 +0800	[2]include(C:\Program Files\VertrigoServ\www\phienban3/languages/sc-utf-8/admin/plquanly.lang.php) [<a href='function.include'>function.include</a>]: failed to open stream: No such file or directory	\eccore\ecmall.php	242
Fri, 23 Sep 2011 11:57:14 +0800	[2]include(C:\Program Files\VertrigoServ\www\phienban3/languages/sc-utf-8/admin/plquanly.lang.php) [<a href='function.include'>function.include</a>]: failed to open stream: No such file or directory	\eccore\ecmall.php	242
Fri, 23 Sep 2011 11:57:15 +0800	[2]include(C:\Program Files\VertrigoServ\www\phienban3/languages/sc-utf-8/admin/plquanly.lang.php) [<a href='function.include'>function.include</a>]: failed to open stream: No such file or directory	\eccore\ecmall.php	242
Fri, 23 Sep 2011 11:57:15 +0800	[2]include(C:\Program Files\VertrigoServ\www\phienban3/languages/sc-utf-8/admin/plquanly.lang.php) [<a href='function.include'>function.include</a>]: failed to open stream: No such file or directory	\eccore\ecmall.php	242
Fri, 23 Sep 2011 11:57:15 +0800	[2]include(C:\Program Files\VertrigoServ\www\phienban3/languages/sc-utf-8/admin/plquanly.lang.php) [<a href='function.include'>function.include</a>]: failed to open stream: No such file or directory	\eccore\ecmall.php	242
Fri, 23 Sep 2011 12:01:29 +0800	[2]include(C:\Program Files\VertrigoServ\www\phienban3/languages/sc-utf-8/admin/plquanly.lang.php) [<a href='function.include'>function.include</a>]: failed to open stream: No such file or directory	\eccore\ecmall.php	242
Fri, 23 Sep 2011 12:07:14 +0800	[2]include(C:\Program Files\VertrigoServ\www\phienban3/languages/sc-utf-8/admin/plquanly.lang.php) [<a href='function.include'>function.include</a>]: failed to open stream: No such file or directory	\eccore\ecmall.php	242
Fri, 23 Sep 2011 12:07:15 +0800	[2]include(C:\Program Files\VertrigoServ\www\phienban3/languages/sc-utf-8/admin/plquanly.lang.php) [<a href='function.include'>function.include</a>]: failed to open stream: No such file or directory	\eccore\ecmall.php	242
Fri, 23 Sep 2011 12:07:15 +0800	[2]include(C:\Program Files\VertrigoServ\www\phienban3/languages/sc-utf-8/admin/plquanly.lang.php) [<a href='function.include'>function.include</a>]: failed to open stream: No such file or directory	\eccore\ecmall.php	242
Fri, 23 Sep 2011 12:09:06 +0800	[2]include(C:\Program Files\VertrigoServ\www\phienban3/languages/sc-utf-8/admin/qlsukien.lang.php) [<a href='function.include'>function.include</a>]: failed to open stream: No such file or directory	\eccore\ecmall.php	242
Fri, 23 Sep 2011 12:09:33 +0800	[2]include(C:\Program Files\VertrigoServ\www\phienban3/languages/sc-utf-8/admin/plquanly.lang.php) [<a href='function.include'>function.include</a>]: failed to open stream: No such file or directory	\eccore\ecmall.php	242
Fri, 23 Sep 2011 12:26:57 +0800	[2]include(C:\Program Files\VertrigoServ\www\phienban3/languages/sc-utf-8/admin/qlsukien.lang.php) [<a href='function.include'>function.include</a>]: failed to open stream: No such file or directory	\eccore\ecmall.php	242
Fri, 23 Sep 2011 12:26:58 +0800	[2]include(C:\Program Files\VertrigoServ\www\phienban3/languages/sc-utf-8/admin/dmchungloai.lang.php) [<a href='function.include'>function.include</a>]: failed to open stream: No such file or directory	\eccore\ecmall.php	242
Fri, 23 Sep 2011 12:26:59 +0800	[2]include(C:\Program Files\VertrigoServ\www\phienban3/languages/sc-utf-8/admin/qlsukien.lang.php) [<a href='function.include'>function.include</a>]: failed to open stream: No such file or directory	\eccore\ecmall.php	242
Fri, 23 Sep 2011 12:26:59 +0800	[2]include(C:\Program Files\VertrigoServ\www\phienban3/languages/sc-utf-8/admin/plquanly.lang.php) [<a href='function.include'>function.include</a>]: failed to open stream: No such file or directory	\eccore\ecmall.php	242
Fri, 23 Sep 2011 12:37:10 +0800	[2]include(C:\Program Files\VertrigoServ\www\phienban3/languages/sc-utf-8/admin/plquanly.lang.php) [<a href='function.include'>function.include</a>]: failed to open stream: No such file or directory	\eccore\ecmall.php	242
Fri, 23 Sep 2011 12:37:12 +0800	[2]include(C:\Program Files\VertrigoServ\www\phienban3/languages/sc-utf-8/admin/qlsukien.lang.php) [<a href='function.include'>function.include</a>]: failed to open stream: No such file or directory	\eccore\ecmall.php	242
Fri, 23 Sep 2011 12:37:12 +0800	[2]include(C:\Program Files\VertrigoServ\www\phienban3/languages/sc-utf-8/admin/dmchungloai.lang.php) [<a href='function.include'>function.include</a>]: failed to open stream: No such file or directory	\eccore\ecmall.php	242
Fri, 23 Sep 2011 12:37:13 +0800	[2]include(C:\Program Files\VertrigoServ\www\phienban3/languages/sc-utf-8/admin/plquanly.lang.php) [<a href='function.include'>function.include</a>]: failed to open stream: No such file or directory	\eccore\ecmall.php	242
Fri, 23 Sep 2011 12:37:13 +0800	[2]include(C:\Program Files\VertrigoServ\www\phienban3/languages/sc-utf-8/admin/qlsukien.lang.php) [<a href='function.include'>function.include</a>]: failed to open stream: No such file or directory	\eccore\ecmall.php	242
Fri, 23 Sep 2011 12:37:14 +0800	[2]include(C:\Program Files\VertrigoServ\www\phienban3/languages/sc-utf-8/admin/dmchungloai.lang.php) [<a href='function.include'>function.include</a>]: failed to open stream: No such file or directory	\eccore\ecmall.php	242
Fri, 23 Sep 2011 12:42:47 +0800	[2]include(C:\Program Files\VertrigoServ\www\phienban3/languages/sc-utf-8/admin/dmchungloai.lang.php) [<a href='function.include'>function.include</a>]: failed to open stream: No such file or directory	\eccore\ecmall.php	242
Fri, 23 Sep 2011 12:43:34 +0800	[2]include(C:\Program Files\VertrigoServ\www\phienban3/languages/sc-utf-8/admin/plquanly.lang.php) [<a href='function.include'>function.include</a>]: failed to open stream: No such file or directory	\eccore\ecmall.php	242
Fri, 23 Sep 2011 12:43:35 +0800	[2]include(C:\Program Files\VertrigoServ\www\phienban3/languages/sc-utf-8/admin/plquanly.lang.php) [<a href='function.include'>function.include</a>]: failed to open stream: No such file or directory	\eccore\ecmall.php	242
Fri, 23 Sep 2011 12:43:36 +0800	[2]include(C:\Program Files\VertrigoServ\www\phienban3/languages/sc-utf-8/admin/plquanly.lang.php) [<a href='function.include'>function.include</a>]: failed to open stream: No such file or directory	\eccore\ecmall.php	242
Fri, 23 Sep 2011 12:43:36 +0800	[2]include(C:\Program Files\VertrigoServ\www\phienban3/languages/sc-utf-8/admin/plquanly.lang.php) [<a href='function.include'>function.include</a>]: failed to open stream: No such file or directory	\eccore\ecmall.php	242
Fri, 23 Sep 2011 12:43:36 +0800	[2]include(C:\Program Files\VertrigoServ\www\phienban3/languages/sc-utf-8/admin/plquanly.lang.php) [<a href='function.include'>function.include</a>]: failed to open stream: No such file or directory	\eccore\ecmall.php	242
Fri, 23 Sep 2011 12:43:36 +0800	[2]include(C:\Program Files\VertrigoServ\www\phienban3/languages/sc-utf-8/admin/plquanly.lang.php) [<a href='function.include'>function.include</a>]: failed to open stream: No such file or directory	\eccore\ecmall.php	242
Fri, 23 Sep 2011 12:43:36 +0800	[2]include(C:\Program Files\VertrigoServ\www\phienban3/languages/sc-utf-8/admin/plquanly.lang.php) [<a href='function.include'>function.include</a>]: failed to open stream: No such file or directory	\eccore\ecmall.php	242
Fri, 23 Sep 2011 12:43:37 +0800	[2]include(C:\Program Files\VertrigoServ\www\phienban3/languages/sc-utf-8/admin/plquanly.lang.php) [<a href='function.include'>function.include</a>]: failed to open stream: No such file or directory	\eccore\ecmall.php	242
Fri, 23 Sep 2011 14:49:16 +0800	[2]mysql_connect() [<a href='function.mysql-connect'>function.mysql-connect</a>]: Can't connect to MySQL server on 'localhost' (10061)	\eccore\model\mysql.php	95
Fri, 23 Sep 2011 14:49:16 +0800	[2]mysql_connect() [<a href='function.mysql-connect'>function.mysql-connect</a>]: Can't connect to MySQL server on 'localhost' (10061)	\eccore\model\mysql.php	95
Fri, 23 Sep 2011 14:49:33 +0800	[2]include(C:\Program Files\VertrigoServ\www\phienban3/languages/sc-utf-8/admin/dmchungloai.lang.php) [<a href='function.include'>function.include</a>]: failed to open stream: No such file or directory	\eccore\ecmall.php	242
Fri, 23 Sep 2011 15:39:53 +0800	[2]include(C:\Program Files\VertrigoServ\www\phienban3/languages/sc-utf-8/admin/dmchungloai.lang.php) [<a href='function.include'>function.include</a>]: failed to open stream: No such file or directory	\eccore\ecmall.php	242
Fri, 23 Sep 2011 15:39:53 +0800	[2]include(C:\Program Files\VertrigoServ\www\phienban3/languages/sc-utf-8/admin/dmchungloai.lang.php) [<a href='function.include'>function.include</a>]: failed to open stream: No such file or directory	\eccore\ecmall.php	242
Fri, 23 Sep 2011 15:39:55 +0800	[2]include(C:\Program Files\VertrigoServ\www\phienban3/languages/sc-utf-8/admin/dmchungloai.lang.php) [<a href='function.include'>function.include</a>]: failed to open stream: No such file or directory	\eccore\ecmall.php	242
Fri, 23 Sep 2011 15:39:56 +0800	[2]include(C:\Program Files\VertrigoServ\www\phienban3/languages/sc-utf-8/admin/qlsukien.lang.php) [<a href='function.include'>function.include</a>]: failed to open stream: No such file or directory	\eccore\ecmall.php	242
Fri, 23 Sep 2011 15:39:57 +0800	[2]include(C:\Program Files\VertrigoServ\www\phienban3/languages/sc-utf-8/admin/plquanly.lang.php) [<a href='function.include'>function.include</a>]: failed to open stream: No such file or directory	\eccore\ecmall.php	242
Fri, 23 Sep 2011 15:40:02 +0800	[2]include(C:\Program Files\VertrigoServ\www\phienban3/languages/sc-utf-8/admin/plquanly.lang.php) [<a href='function.include'>function.include</a>]: failed to open stream: No such file or directory	\eccore\ecmall.php	242
Fri, 23 Sep 2011 15:40:12 +0800	[2]include(C:\Program Files\VertrigoServ\www\phienban3/languages/sc-utf-8/admin/plquanly.lang.php) [<a href='function.include'>function.include</a>]: failed to open stream: No such file or directory	\eccore\ecmall.php	242
Fri, 23 Sep 2011 15:51:11 +0800	[2]include(C:\Program Files\VertrigoServ\www\phienban3/languages/sc-utf-8/admin/plquanly.lang.php) [<a href='function.include'>function.include</a>]: failed to open stream: No such file or directory	\eccore\ecmall.php	242
Fri, 23 Sep 2011 15:52:31 +0800	[2]include(C:\Program Files\VertrigoServ\www\phienban3/languages/sc-utf-8/admin/qlsukien.lang.php) [<a href='function.include'>function.include</a>]: failed to open stream: No such file or directory	\eccore\ecmall.php	242
Fri, 23 Sep 2011 15:52:32 +0800	[2]include(C:\Program Files\VertrigoServ\www\phienban3/languages/sc-utf-8/admin/plquanly.lang.php) [<a href='function.include'>function.include</a>]: failed to open stream: No such file or directory	\eccore\ecmall.php	242
Mon, 26 Sep 2011 09:25:38 +0800	[2]mysql_connect() [<a href='function.mysql-connect'>function.mysql-connect</a>]: Can't connect to MySQL server on 'localhost' (10061)	\eccore\model\mysql.php	95
Mon, 26 Sep 2011 11:21:36 +0800	[2]mysql_connect() [<a href='function.mysql-connect'>function.mysql-connect</a>]: Can't connect to MySQL server on 'localhost' (10061)	\eccore\model\mysql.php	95
Mon, 26 Sep 2011 11:23:36 +0800	[2]mysql_connect() [<a href='function.mysql-connect'>function.mysql-connect</a>]: Can't connect to MySQL server on 'localhost' (10061)	\eccore\model\mysql.php	95
Mon, 26 Sep 2011 14:03:14 +0800	[2]date_default_timezone_get() [<a href='function.date-default-timezone-get'>function.date-default-timezone-get</a>]: It is not safe to rely on the system's timezone settings. You are *required* to use the date.timezone setting or the date_default_timezone_set() function. In case you used any of those methods and you are still getting this warning, you most likely misspelled the timezone identifier. We selected 'Asia/Krasnoyarsk' for '7.0/no DST' instead	\eccore\model\mysql.php	162
Mon, 26 Sep 2011 14:04:12 +0800	[2]date_default_timezone_get() [<a href='function.date-default-timezone-get'>function.date-default-timezone-get</a>]: It is not safe to rely on the system's timezone settings. You are *required* to use the date.timezone setting or the date_default_timezone_set() function. In case you used any of those methods and you are still getting this warning, you most likely misspelled the timezone identifier. We selected 'Asia/Krasnoyarsk' for '7.0/no DST' instead	\eccore\model\mysql.php	162
Wed, 28 Sep 2011 09:49:11 +0800	[2]mysql_connect() [<a href='function.mysql-connect'>function.mysql-connect</a>]: Too many connections	\eccore\model\mysql.php	95
Wed, 28 Sep 2011 09:49:11 +0800	[2]mysql_connect() [<a href='function.mysql-connect'>function.mysql-connect</a>]: Too many connections	\eccore\model\mysql.php	95
Wed, 28 Sep 2011 09:49:11 +0800	[2]mysql_connect() [<a href='function.mysql-connect'>function.mysql-connect</a>]: Too many connections	\eccore\model\mysql.php	95
Wed, 28 Sep 2011 09:49:11 +0800	[2]mysql_connect() [<a href='function.mysql-connect'>function.mysql-connect</a>]: Too many connections	\eccore\model\mysql.php	95
Wed, 28 Sep 2011 09:49:11 +0800	[2]mysql_connect() [<a href='function.mysql-connect'>function.mysql-connect</a>]: Too many connections	\eccore\model\mysql.php	95
Wed, 28 Sep 2011 09:49:11 +0800	[2]mysql_connect() [<a href='function.mysql-connect'>function.mysql-connect</a>]: Too many connections	\eccore\model\mysql.php	95
Wed, 28 Sep 2011 09:56:51 +0800	[256]MySQL Error[1052]: Column 'goods_id' in where clause is ambiguous
MySQL Query:SELECT g.goods_id, g.store_id, g.type, g.goods_name, g.cate_id, g.cate_name, g.brand, g.spec_qty, g.spec_name_1, g.spec_name_2, g.if_show, g.closed, g.add_time, g.recommended, g.default_image, gs.spec_id, gs.spec_1, gs.spec_2, gs.color_rgb, gs.price, gs.stock, s.store_name, s.region_id, s.region_name, s.credit_value, s.sgrade, gst.views, gst.sales, gst.comments FROM ecm_goods g LEFT JOIN ecm_goods_spec gs ON g.default_spec = gs.spec_id LEFT JOIN ecm_store s ON g.store_id = s.store_id LEFT JOIN ecm_goods_statistics gst ON g.goods_id = gst.goods_id  WHERE goods_id = 2278 AND gs.spec_id IS NOT NULL AND s.store_id IS NOT NULL  ORDER BY add_time DESC, s.sort_order 
Wrong File:  C:\Program Files\VertrigoServ\www\phienban3\eccore\model\mysql.php[534]	\eccore\model\mysql.php	286
Wed, 28 Sep 2011 09:57:01 +0800	[256]MySQL Error[1052]: Column 'goods_id' in where clause is ambiguous
MySQL Query:SELECT g.goods_id, g.store_id, g.type, g.goods_name, g.cate_id, g.cate_name, g.brand, g.spec_qty, g.spec_name_1, g.spec_name_2, g.if_show, g.closed, g.add_time, g.recommended, g.default_image, gs.spec_id, gs.spec_1, gs.spec_2, gs.color_rgb, gs.price, gs.stock, s.store_name, s.region_id, s.region_name, s.credit_value, s.sgrade, gst.views, gst.sales, gst.comments FROM ecm_goods g LEFT JOIN ecm_goods_spec gs ON g.default_spec = gs.spec_id LEFT JOIN ecm_store s ON g.store_id = s.store_id LEFT JOIN ecm_goods_statistics gst ON g.goods_id = gst.goods_id  WHERE goods_id = 2286 AND gs.spec_id IS NOT NULL AND s.store_id IS NOT NULL  ORDER BY add_time DESC, s.sort_order 
Wrong File:  C:\Program Files\VertrigoServ\www\phienban3\eccore\model\mysql.php[534]	\eccore\model\mysql.php	286
Wed, 28 Sep 2011 09:57:07 +0800	[256]MySQL Error[1052]: Column 'goods_id' in where clause is ambiguous
MySQL Query:SELECT g.goods_id, g.store_id, g.type, g.goods_name, g.cate_id, g.cate_name, g.brand, g.spec_qty, g.spec_name_1, g.spec_name_2, g.if_show, g.closed, g.add_time, g.recommended, g.default_image, gs.spec_id, gs.spec_1, gs.spec_2, gs.color_rgb, gs.price, gs.stock, s.store_name, s.region_id, s.region_name, s.credit_value, s.sgrade, gst.views, gst.sales, gst.comments FROM ecm_goods g LEFT JOIN ecm_goods_spec gs ON g.default_spec = gs.spec_id LEFT JOIN ecm_store s ON g.store_id = s.store_id LEFT JOIN ecm_goods_statistics gst ON g.goods_id = gst.goods_id  WHERE goods_id = 2285 AND gs.spec_id IS NOT NULL AND s.store_id IS NOT NULL  ORDER BY add_time DESC, s.sort_order 
Wrong File:  C:\Program Files\VertrigoServ\www\phienban3\eccore\model\mysql.php[534]	\eccore\model\mysql.php	286
Wed, 28 Sep 2011 09:57:40 +0800	[256]MySQL Error[1052]: Column 'goods_id' in where clause is ambiguous
MySQL Query:SELECT g.goods_id, g.store_id, g.type, g.goods_name, g.cate_id, g.cate_name, g.brand, g.spec_qty, g.spec_name_1, g.spec_name_2, g.if_show, g.closed, g.add_time, g.recommended, g.default_image, gs.spec_id, gs.spec_1, gs.spec_2, gs.color_rgb, gs.price, gs.stock, s.store_name, s.region_id, s.region_name, s.credit_value, s.sgrade, gst.views, gst.sales, gst.comments FROM ecm_goods g LEFT JOIN ecm_goods_spec gs ON g.default_spec = gs.spec_id LEFT JOIN ecm_store s ON g.store_id = s.store_id LEFT JOIN ecm_goods_statistics gst ON g.goods_id = gst.goods_id  WHERE goods_id = 2285 AND gs.spec_id IS NOT NULL AND s.store_id IS NOT NULL 
Wrong File:  C:\Program Files\VertrigoServ\www\phienban3\eccore\model\mysql.php[534]	\eccore\model\mysql.php	286
Wed, 28 Sep 2011 09:57:43 +0800	[256]MySQL Error[1052]: Column 'goods_id' in where clause is ambiguous
MySQL Query:SELECT g.goods_id, g.store_id, g.type, g.goods_name, g.cate_id, g.cate_name, g.brand, g.spec_qty, g.spec_name_1, g.spec_name_2, g.if_show, g.closed, g.add_time, g.recommended, g.default_image, gs.spec_id, gs.spec_1, gs.spec_2, gs.color_rgb, gs.price, gs.stock, s.store_name, s.region_id, s.region_name, s.credit_value, s.sgrade, gst.views, gst.sales, gst.comments FROM ecm_goods g LEFT JOIN ecm_goods_spec gs ON g.default_spec = gs.spec_id LEFT JOIN ecm_store s ON g.store_id = s.store_id LEFT JOIN ecm_goods_statistics gst ON g.goods_id = gst.goods_id  WHERE goods_id = 2285 AND gs.spec_id IS NOT NULL AND s.store_id IS NOT NULL 
Wrong File:  C:\Program Files\VertrigoServ\www\phienban3\eccore\model\mysql.php[534]	\eccore\model\mysql.php	286
Wed, 28 Sep 2011 09:58:27 +0800	[256]MySQL Error[1052]: Column 'goods_id' in where clause is ambiguous
MySQL Query:SELECT COUNT(*) as c FROM ecm_goods g LEFT JOIN ecm_goods_spec gs ON g.default_spec = gs.spec_id LEFT JOIN ecm_store s ON g.store_id = s.store_id LEFT JOIN ecm_goods_statistics gst ON g.goods_id = gst.goods_id  WHERE goods_id = 2285 AND gs.spec_id IS NOT NULL AND s.store_id IS NOT NULL 
Wrong File:  C:\Program Files\VertrigoServ\www\phienban3\eccore\model\mysql.php[458]	\eccore\model\mysql.php	286
Wed, 28 Sep 2011 10:00:11 +0800	[256]MySQL Error[1052]: Column 'goods_id' in where clause is ambiguous
MySQL Query:SELECT COUNT(*) as c FROM ecm_goods g LEFT JOIN ecm_goods_spec gs ON g.default_spec = gs.spec_id LEFT JOIN ecm_store s ON g.store_id = s.store_id LEFT JOIN ecm_goods_statistics gst ON g.goods_id = gst.goods_id  WHERE goods_id = 2285 AND gs.spec_id IS NOT NULL AND s.store_id IS NOT NULL 
Wrong File:  C:\Program Files\VertrigoServ\www\phienban3\eccore\model\mysql.php[458]	\eccore\model\mysql.php	286
Wed, 28 Sep 2011 10:00:13 +0800	[256]MySQL Error[1052]: Column 'goods_id' in where clause is ambiguous
MySQL Query:SELECT COUNT(*) as c FROM ecm_goods g LEFT JOIN ecm_goods_spec gs ON g.default_spec = gs.spec_id LEFT JOIN ecm_store s ON g.store_id = s.store_id LEFT JOIN ecm_goods_statistics gst ON g.goods_id = gst.goods_id  WHERE goods_id = 2285 AND gs.spec_id IS NOT NULL AND s.store_id IS NOT NULL 
Wrong File:  C:\Program Files\VertrigoServ\www\phienban3\eccore\model\mysql.php[458]	\eccore\model\mysql.php	286
Wed, 28 Sep 2011 10:00:18 +0800	[256]MySQL Error[1052]: Column 'goods_id' in where clause is ambiguous
MySQL Query:SELECT COUNT(*) as c FROM ecm_goods g LEFT JOIN ecm_goods_spec gs ON g.default_spec = gs.spec_id LEFT JOIN ecm_store s ON g.store_id = s.store_id LEFT JOIN ecm_goods_statistics gst ON g.goods_id = gst.goods_id  WHERE goods_id = 2286 AND gs.spec_id IS NOT NULL AND s.store_id IS NOT NULL 
Wrong File:  C:\Program Files\VertrigoServ\www\phienban3\eccore\model\mysql.php[458]	\eccore\model\mysql.php	286
Wed, 28 Sep 2011 10:31:34 +0800	[256]MySQL Error[1052]: Column 'goods_id' in where clause is ambiguous
MySQL Query:SELECT COUNT(*) as c FROM ecm_goods g LEFT JOIN ecm_goods_spec gs ON g.default_spec = gs.spec_id LEFT JOIN ecm_store s ON g.store_id = s.store_id LEFT JOIN ecm_goods_statistics gst ON g.goods_id = gst.goods_id  WHERE goods_id = 2286 AND gs.spec_id IS NOT NULL AND s.store_id IS NOT NULL 
Wrong File:  C:\Program Files\VertrigoServ\www\phienban3\eccore\model\mysql.php[458]	\eccore\model\mysql.php	286
Wed, 28 Sep 2011 11:54:49 +0800	[256]MySQL Error[1064]: You have an error in your SQL syntax; check the manual that corresponds to your MySQL server version for the right syntax to use near 'BY RAND, s.sort_order  LIMIT 10' at line 1
MySQL Query:SELECT g.goods_id, g.store_id, g.type, g.goods_name, g.cate_id, g.cate_name, g.brand, g.spec_qty, g.spec_name_1, g.spec_name_2, g.if_show, g.closed, g.add_time, g.recommended, g.default_image, gs.spec_id, gs.spec_1, gs.spec_2, gs.color_rgb, gs.price, gs.stock, s.store_name, s.region_id, s.region_name, s.credit_value, s.sgrade, gst.views, gst.sales, gst.comments FROM ecm_goods g LEFT JOIN ecm_goods_spec gs ON g.default_spec = gs.spec_id LEFT JOIN ecm_store s ON g.store_id = s.store_id LEFT JOIN ecm_goods_statistics gst ON g.goods_id = gst.goods_id  AND gs.spec_id IS NOT NULL AND s.store_id IS NOT NULL  ORDER BY BY RAND, s.sort_order  LIMIT 10
Wrong File:  C:\Program Files\VertrigoServ\www\phienban3\eccore\model\mysql.php[534]	\eccore\model\mysql.php	286
Wed, 28 Sep 2011 11:54:59 +0800	[256]MySQL Error[1054]: Unknown column 'RAND' in 'order clause'
MySQL Query:SELECT g.goods_id, g.store_id, g.type, g.goods_name, g.cate_id, g.cate_name, g.brand, g.spec_qty, g.spec_name_1, g.spec_name_2, g.if_show, g.closed, g.add_time, g.recommended, g.default_image, gs.spec_id, gs.spec_1, gs.spec_2, gs.color_rgb, gs.price, gs.stock, s.store_name, s.region_id, s.region_name, s.credit_value, s.sgrade, gst.views, gst.sales, gst.comments FROM ecm_goods g LEFT JOIN ecm_goods_spec gs ON g.default_spec = gs.spec_id LEFT JOIN ecm_store s ON g.store_id = s.store_id LEFT JOIN ecm_goods_statistics gst ON g.goods_id = gst.goods_id  AND gs.spec_id IS NOT NULL AND s.store_id IS NOT NULL  ORDER BY RAND, s.sort_order  LIMIT 10
Wrong File:  C:\Program Files\VertrigoServ\www\phienban3\eccore\model\mysql.php[534]	\eccore\model\mysql.php	286
Wed, 28 Sep 2011 11:55:01 +0800	[256]MySQL Error[1054]: Unknown column 'RAND' in 'order clause'
MySQL Query:SELECT g.goods_id, g.store_id, g.type, g.goods_name, g.cate_id, g.cate_name, g.brand, g.spec_qty, g.spec_name_1, g.spec_name_2, g.if_show, g.closed, g.add_time, g.recommended, g.default_image, gs.spec_id, gs.spec_1, gs.spec_2, gs.color_rgb, gs.price, gs.stock, s.store_name, s.region_id, s.region_name, s.credit_value, s.sgrade, gst.views, gst.sales, gst.comments FROM ecm_goods g LEFT JOIN ecm_goods_spec gs ON g.default_spec = gs.spec_id LEFT JOIN ecm_store s ON g.store_id = s.store_id LEFT JOIN ecm_goods_statistics gst ON g.goods_id = gst.goods_id  AND gs.spec_id IS NOT NULL AND s.store_id IS NOT NULL  ORDER BY RAND, s.sort_order  LIMIT 10
Wrong File:  C:\Program Files\VertrigoServ\www\phienban3\eccore\model\mysql.php[534]	\eccore\model\mysql.php	286
Wed, 28 Sep 2011 12:43:09 +0800	[256]MySQL Error[1052]: Column 'store_id' in where clause is ambiguous
MySQL Query:SELECT g.goods_id, g.store_id, g.type, g.goods_name, g.cate_id, g.cate_name, g.brand, g.spec_qty, g.spec_name_1, g.spec_name_2, g.if_show, g.closed, g.add_time, g.recommended, g.default_image, gs.spec_id, gs.spec_1, gs.spec_2, gs.color_rgb, gs.price, gs.stock, s.store_name, s.region_id, s.region_name, s.credit_value, s.sgrade, gst.views, gst.sales, gst.comments FROM ecm_goods g LEFT JOIN ecm_goods_spec gs ON g.default_spec = gs.spec_id LEFT JOIN ecm_store s ON g.store_id = s.store_id LEFT JOIN ecm_goods_statistics gst ON g.goods_id = gst.goods_id  WHERE store_id = 1370 AND gs.spec_id IS NOT NULL AND s.store_id IS NOT NULL  ORDER BY add_time DESC, s.sort_order  LIMIT 10
Wrong File:  C:\Program Files\VertrigoServ\www\phienban3\eccore\model\mysql.php[534]	\eccore\model\mysql.php	286
Wed, 28 Sep 2011 12:45:41 +0800	[256]MySQL Error[1052]: Column 'store_id' in where clause is ambiguous
MySQL Query:SELECT g.goods_id, g.store_id, g.type, g.goods_name, g.cate_id, g.cate_name, g.brand, g.spec_qty, g.spec_name_1, g.spec_name_2, g.if_show, g.closed, g.add_time, g.recommended, g.default_image, gs.spec_id, gs.spec_1, gs.spec_2, gs.color_rgb, gs.price, gs.stock, s.store_name, s.region_id, s.region_name, s.credit_value, s.sgrade, gst.views, gst.sales, gst.comments FROM ecm_goods g LEFT JOIN ecm_goods_spec gs ON g.default_spec = gs.spec_id LEFT JOIN ecm_store s ON g.store_id = s.store_id LEFT JOIN ecm_goods_statistics gst ON g.goods_id = gst.goods_id  WHERE store_id = 1370 AND gs.spec_id IS NOT NULL AND s.store_id IS NOT NULL  ORDER BY add_time DESC, s.sort_order  LIMIT 10
Wrong File:  C:\Program Files\VertrigoServ\www\phienban3\eccore\model\mysql.php[534]	\eccore\model\mysql.php	286
Wed, 28 Sep 2011 12:45:56 +0800	[256]MySQL Error[1052]: Column 'store_id' in where clause is ambiguous
MySQL Query:SELECT g.goods_id, g.store_id, g.type, g.goods_name, g.cate_id, g.cate_name, g.brand, g.spec_qty, g.spec_name_1, g.spec_name_2, g.if_show, g.closed, g.add_time, g.recommended, g.default_image, gs.spec_id, gs.spec_1, gs.spec_2, gs.color_rgb, gs.price, gs.stock, s.store_name, s.region_id, s.region_name, s.credit_value, s.sgrade, gst.views, gst.sales, gst.comments FROM ecm_goods g LEFT JOIN ecm_goods_spec gs ON g.default_spec = gs.spec_id LEFT JOIN ecm_store s ON g.store_id = s.store_id LEFT JOIN ecm_goods_statistics gst ON g.goods_id = gst.goods_id  WHERE store_id = 1370 AND gs.spec_id IS NOT NULL AND s.store_id IS NOT NULL  LIMIT 10
Wrong File:  C:\Program Files\VertrigoServ\www\phienban3\eccore\model\mysql.php[534]	\eccore\model\mysql.php	286
Wed, 28 Sep 2011 12:45:58 +0800	[256]MySQL Error[1052]: Column 'store_id' in where clause is ambiguous
MySQL Query:SELECT g.goods_id, g.store_id, g.type, g.goods_name, g.cate_id, g.cate_name, g.brand, g.spec_qty, g.spec_name_1, g.spec_name_2, g.if_show, g.closed, g.add_time, g.recommended, g.default_image, gs.spec_id, gs.spec_1, gs.spec_2, gs.color_rgb, gs.price, gs.stock, s.store_name, s.region_id, s.region_name, s.credit_value, s.sgrade, gst.views, gst.sales, gst.comments FROM ecm_goods g LEFT JOIN ecm_goods_spec gs ON g.default_spec = gs.spec_id LEFT JOIN ecm_store s ON g.store_id = s.store_id LEFT JOIN ecm_goods_statistics gst ON g.goods_id = gst.goods_id  WHERE store_id = 1370 AND gs.spec_id IS NOT NULL AND s.store_id IS NOT NULL  LIMIT 10
Wrong File:  C:\Program Files\VertrigoServ\www\phienban3\eccore\model\mysql.php[534]	\eccore\model\mysql.php	286
Wed, 28 Sep 2011 12:46:05 +0800	[256]MySQL Error[1052]: Column 'store_id' in where clause is ambiguous
MySQL Query:SELECT g.goods_id, g.store_id, g.type, g.goods_name, g.cate_id, g.cate_name, g.brand, g.spec_qty, g.spec_name_1, g.spec_name_2, g.if_show, g.closed, g.add_time, g.recommended, g.default_image, gs.spec_id, gs.spec_1, gs.spec_2, gs.color_rgb, gs.price, gs.stock, s.store_name, s.region_id, s.region_name, s.credit_value, s.sgrade, gst.views, gst.sales, gst.comments FROM ecm_goods g LEFT JOIN ecm_goods_spec gs ON g.default_spec = gs.spec_id LEFT JOIN ecm_store s ON g.store_id = s.store_id LEFT JOIN ecm_goods_statistics gst ON g.goods_id = gst.goods_id  WHERE store_id = 1370 AND gs.spec_id IS NOT NULL AND s.store_id IS NOT NULL  LIMIT 10
Wrong File:  C:\Program Files\VertrigoServ\www\phienban3\eccore\model\mysql.php[534]	\eccore\model\mysql.php	286
Wed, 28 Sep 2011 12:46:44 +0800	[256]MySQL Error[1052]: Column 'store_id' in where clause is ambiguous
MySQL Query:SELECT COUNT(*) as c FROM ecm_goods g LEFT JOIN ecm_goods_spec gs ON g.default_spec = gs.spec_id LEFT JOIN ecm_store s ON g.store_id = s.store_id LEFT JOIN ecm_goods_statistics gst ON g.goods_id = gst.goods_id  WHERE store_id = 1370 AND gs.spec_id IS NOT NULL AND s.store_id IS NOT NULL 
Wrong File:  C:\Program Files\VertrigoServ\www\phienban3\eccore\model\mysql.php[458]	\eccore\model\mysql.php	286
Wed, 28 Sep 2011 12:46:46 +0800	[256]MySQL Error[1052]: Column 'store_id' in where clause is ambiguous
MySQL Query:SELECT COUNT(*) as c FROM ecm_goods g LEFT JOIN ecm_goods_spec gs ON g.default_spec = gs.spec_id LEFT JOIN ecm_store s ON g.store_id = s.store_id LEFT JOIN ecm_goods_statistics gst ON g.goods_id = gst.goods_id  WHERE store_id = 1370 AND gs.spec_id IS NOT NULL AND s.store_id IS NOT NULL 
Wrong File:  C:\Program Files\VertrigoServ\www\phienban3\eccore\model\mysql.php[458]	\eccore\model\mysql.php	286
Wed, 28 Sep 2011 12:47:02 +0800	[256]MySQL Error[1052]: Column 'store_id' in where clause is ambiguous
MySQL Query:SELECT COUNT(*) as c FROM ecm_goods g LEFT JOIN ecm_goods_spec gs ON g.default_spec = gs.spec_id LEFT JOIN ecm_store s ON g.store_id = s.store_id LEFT JOIN ecm_goods_statistics gst ON g.goods_id = gst.goods_id  WHERE store_id = 2286 AND gs.spec_id IS NOT NULL AND s.store_id IS NOT NULL 
Wrong File:  C:\Program Files\VertrigoServ\www\phienban3\eccore\model\mysql.php[458]	\eccore\model\mysql.php	286
Wed, 28 Sep 2011 12:47:03 +0800	[256]MySQL Error[1052]: Column 'store_id' in where clause is ambiguous
MySQL Query:SELECT COUNT(*) as c FROM ecm_goods g LEFT JOIN ecm_goods_spec gs ON g.default_spec = gs.spec_id LEFT JOIN ecm_store s ON g.store_id = s.store_id LEFT JOIN ecm_goods_statistics gst ON g.goods_id = gst.goods_id  WHERE store_id = 2286 AND gs.spec_id IS NOT NULL AND s.store_id IS NOT NULL 
Wrong File:  C:\Program Files\VertrigoServ\www\phienban3\eccore\model\mysql.php[458]	\eccore\model\mysql.php	286
Wed, 28 Sep 2011 12:47:05 +0800	[256]MySQL Error[1052]: Column 'store_id' in where clause is ambiguous
MySQL Query:SELECT COUNT(*) as c FROM ecm_goods g LEFT JOIN ecm_goods_spec gs ON g.default_spec = gs.spec_id LEFT JOIN ecm_store s ON g.store_id = s.store_id LEFT JOIN ecm_goods_statistics gst ON g.goods_id = gst.goods_id  WHERE store_id = 2286 AND gs.spec_id IS NOT NULL AND s.store_id IS NOT NULL 
Wrong File:  C:\Program Files\VertrigoServ\www\phienban3\eccore\model\mysql.php[458]	\eccore\model\mysql.php	286
Wed, 28 Sep 2011 12:48:17 +0800	[256]MySQL Error[1052]: Column 'store_id' in where clause is ambiguous
MySQL Query:SELECT COUNT(*) as c FROM ecm_goods g LEFT JOIN ecm_goods_spec gs ON g.default_spec = gs.spec_id LEFT JOIN ecm_store s ON g.store_id = s.store_id LEFT JOIN ecm_goods_statistics gst ON g.goods_id = gst.goods_id  WHERE store_id = 1370 AND gs.spec_id IS NOT NULL AND s.store_id IS NOT NULL 
Wrong File:  C:\Program Files\VertrigoServ\www\phienban3\eccore\model\mysql.php[458]	\eccore\model\mysql.php	286
Wed, 28 Sep 2011 12:49:33 +0800	[256]MySQL Error[1052]: Column 'store_id' in where clause is ambiguous
MySQL Query:SELECT COUNT(*) as c FROM ecm_goods g LEFT JOIN ecm_goods_spec gs ON g.default_spec = gs.spec_id LEFT JOIN ecm_store s ON g.store_id = s.store_id LEFT JOIN ecm_goods_statistics gst ON g.goods_id = gst.goods_id  WHERE store_id = 1370 AND gs.spec_id IS NOT NULL AND s.store_id IS NOT NULL 
Wrong File:  C:\Program Files\VertrigoServ\www\phienban3\eccore\model\mysql.php[458]	\eccore\model\mysql.php	286
Wed, 28 Sep 2011 13:00:49 +0800	[256]MySQL Error[1052]: Column 'store_id' in where clause is ambiguous
MySQL Query:SELECT COUNT(*) as c FROM ecm_goods g LEFT JOIN ecm_goods_spec gs ON g.default_spec = gs.spec_id LEFT JOIN ecm_store s ON g.store_id = s.store_id LEFT JOIN ecm_goods_statistics gst ON g.goods_id = gst.goods_id  WHERE store_id =1370 AND gs.spec_id IS NOT NULL AND s.store_id IS NOT NULL 
Wrong File:  C:\Program Files\VertrigoServ\www\phienban3\eccore\model\mysql.php[458]	\eccore\model\mysql.php	286
Wed, 28 Sep 2011 14:44:32 +0800	[256]MySQL Error[1064]: You have an error in your SQL syntax; check the manual that corresponds to your MySQL server version for the right syntax to use near 'by RAND(), s.sort_order  LIMIT 10' at line 1
MySQL Query:SELECT g.goods_id, g.store_id, g.type, g.goods_name, g.cate_id, g.cate_name, g.brand, g.spec_qty, g.spec_name_1, g.spec_name_2, g.if_show, g.closed, g.add_time, g.recommended, g.default_image, gs.spec_id, gs.spec_1, gs.spec_2, gs.color_rgb, gs.price, gs.stock, s.store_name, s.region_id, s.region_name, s.credit_value, s.sgrade, gst.views, gst.sales, gst.comments FROM ecm_goods g LEFT JOIN ecm_goods_spec gs ON g.default_spec = gs.spec_id LEFT JOIN ecm_store s ON g.store_id = s.store_id LEFT JOIN ecm_goods_statistics gst ON g.goods_id = gst.goods_id  AND gs.spec_id IS NOT NULL AND s.store_id IS NOT NULL  ORDER BY by RAND(), s.sort_order  LIMIT 10
Wrong File:  C:\Program Files\VertrigoServ\www\phienban3\eccore\model\mysql.php[534]	\eccore\model\mysql.php	286
Wed, 28 Sep 2011 14:47:33 +0800	[256]MySQL Error[1064]: You have an error in your SQL syntax; check the manual that corresponds to your MySQL server version for the right syntax to use near 'by RAND(), s.sort_order  LIMIT 10' at line 1
MySQL Query:SELECT g.goods_id, g.store_id, g.type, g.goods_name, g.cate_id, g.cate_name, g.brand, g.spec_qty, g.spec_name_1, g.spec_name_2, g.if_show, g.closed, g.add_time, g.recommended, g.default_image, gs.spec_id, gs.spec_1, gs.spec_2, gs.color_rgb, gs.price, gs.stock, s.store_name, s.region_id, s.region_name, s.credit_value, s.sgrade, gst.views, gst.sales, gst.comments FROM ecm_goods g LEFT JOIN ecm_goods_spec gs ON g.default_spec = gs.spec_id LEFT JOIN ecm_store s ON g.store_id = s.store_id LEFT JOIN ecm_goods_statistics gst ON g.goods_id = gst.goods_id  AND gs.spec_id IS NOT NULL AND s.store_id IS NOT NULL  ORDER BY by RAND(), s.sort_order  LIMIT 10
Wrong File:  C:\Program Files\VertrigoServ\www\phienban3\eccore\model\mysql.php[534]	\eccore\model\mysql.php	286
Wed, 28 Sep 2011 14:54:34 +0800	[256]MySQL Error[1064]: You have an error in your SQL syntax; check the manual that corresponds to your MySQL server version for the right syntax to use near 'ORDER BY rand(), s.sort_order  LIMIT 10' at line 1
MySQL Query:SELECT g.goods_id, g.store_id, g.type, g.goods_name, g.cate_id, g.cate_name, g.brand, g.spec_qty, g.spec_name_1, g.spec_name_2, g.if_show, g.closed, g.add_time, g.recommended, g.default_image, gs.spec_id, gs.spec_1, gs.spec_2, gs.color_rgb, gs.price, gs.stock, s.store_name, s.region_id, s.region_name, s.credit_value, s.sgrade, gst.views, gst.sales, gst.comments FROM ecm_goods g LEFT JOIN ecm_goods_spec gs ON g.default_spec = gs.spec_id LEFT JOIN ecm_store s ON g.store_id = s.store_id LEFT JOIN ecm_goods_statistics gst ON g.goods_id = gst.goods_id  AND gs.spec_id IS NOT NULL AND s.store_id IS NOT NULL  ORDER BY ORDER BY rand(), s.sort_order  LIMIT 10
Wrong File:  C:\Program Files\VertrigoServ\www\phienban3\eccore\model\mysql.php[534]	\eccore\model\mysql.php	286
Wed, 28 Sep 2011 14:56:30 +0800	[256]MySQL Error[1064]: You have an error in your SQL syntax; check the manual that corresponds to your MySQL server version for the right syntax to use near 'ORDER BY rand(), s.sort_order  LIMIT 10' at line 1
MySQL Query:SELECT g.goods_id, g.store_id, g.type, g.goods_name, g.cate_id, g.cate_name, g.brand, g.spec_qty, g.spec_name_1, g.spec_name_2, g.if_show, g.closed, g.add_time, g.recommended, g.default_image, gs.spec_id, gs.spec_1, gs.spec_2, gs.color_rgb, gs.price, gs.stock, s.store_name, s.region_id, s.region_name, s.credit_value, s.sgrade, gst.views, gst.sales, gst.comments FROM ecm_goods g LEFT JOIN ecm_goods_spec gs ON g.default_spec = gs.spec_id LEFT JOIN ecm_store s ON g.store_id = s.store_id LEFT JOIN ecm_goods_statistics gst ON g.goods_id = gst.goods_id  AND gs.spec_id IS NOT NULL AND s.store_id IS NOT NULL  ORDER BY ORDER BY rand(), s.sort_order  LIMIT 10
Wrong File:  C:\Program Files\VertrigoServ\www\phienban3\eccore\model\mysql.php[534]	\eccore\model\mysql.php	286
Wed, 28 Sep 2011 16:47:32 +0800	[256]MySQL Error[1064]: You have an error in your SQL syntax; check the manual that corresponds to your MySQL server version for the right syntax to use near 'ORDER BY RAND() AND gs.spec_id IS NOT NULL AND s.store_id IS NOT NULL  LIMIT 10' at line 1
MySQL Query:SELECT g.goods_id, g.store_id, g.type, g.goods_name, g.cate_id, g.cate_name, g.brand, g.spec_qty, g.spec_name_1, g.spec_name_2, g.if_show, g.closed, g.add_time, g.recommended, g.default_image, gs.spec_id, gs.spec_1, gs.spec_2, gs.color_rgb, gs.price, gs.stock, s.store_name, s.region_id, s.region_name, s.credit_value, s.sgrade, gst.views, gst.sales, gst.comments FROM ecm_goods g LEFT JOIN ecm_goods_spec gs ON g.default_spec = gs.spec_id LEFT JOIN ecm_store s ON g.store_id = s.store_id LEFT JOIN ecm_goods_statistics gst ON g.goods_id = gst.goods_id  WHERE ORDER BY RAND() AND gs.spec_id IS NOT NULL AND s.store_id IS NOT NULL  LIMIT 10
Wrong File:  C:\Program Files\VertrigoServ\www\phienban3\eccore\model\mysql.php[534]	\eccore\model\mysql.php	286
Wed, 28 Sep 2011 16:53:27 +0800	[256]MySQL Error[1064]: You have an error in your SQL syntax; check the manual that corresponds to your MySQL server version for the right syntax to use near 'ORDER BY RAND() AND gs.spec_id IS NOT NULL AND s.store_id IS NOT NULL  LIMIT 10' at line 1
MySQL Query:SELECT g.goods_id, g.store_id, g.type, g.goods_name, g.cate_id, g.cate_name, g.brand, g.spec_qty, g.spec_name_1, g.spec_name_2, g.if_show, g.closed, g.add_time, g.recommended, g.default_image, gs.spec_id, gs.spec_1, gs.spec_2, gs.color_rgb, gs.price, gs.stock, s.store_name, s.region_id, s.region_name, s.credit_value, s.sgrade, gst.views, gst.sales, gst.comments FROM ecm_goods g LEFT JOIN ecm_goods_spec gs ON g.default_spec = gs.spec_id LEFT JOIN ecm_store s ON g.store_id = s.store_id LEFT JOIN ecm_goods_statistics gst ON g.goods_id = gst.goods_id  WHERE ORDER BY RAND() AND gs.spec_id IS NOT NULL AND s.store_id IS NOT NULL  LIMIT 10
Wrong File:  C:\Program Files\VertrigoServ\www\phienban3\eccore\model\mysql.php[534]	\eccore\model\mysql.php	286
Wed, 28 Sep 2011 16:54:06 +0800	[256]MySQL Error[1064]: You have an error in your SQL syntax; check the manual that corresponds to your MySQL server version for the right syntax to use near 'ORDER BY RAND AND gs.spec_id IS NOT NULL AND s.store_id IS NOT NULL  LIMIT 10' at line 1
MySQL Query:SELECT g.goods_id, g.store_id, g.type, g.goods_name, g.cate_id, g.cate_name, g.brand, g.spec_qty, g.spec_name_1, g.spec_name_2, g.if_show, g.closed, g.add_time, g.recommended, g.default_image, gs.spec_id, gs.spec_1, gs.spec_2, gs.color_rgb, gs.price, gs.stock, s.store_name, s.region_id, s.region_name, s.credit_value, s.sgrade, gst.views, gst.sales, gst.comments FROM ecm_goods g LEFT JOIN ecm_goods_spec gs ON g.default_spec = gs.spec_id LEFT JOIN ecm_store s ON g.store_id = s.store_id LEFT JOIN ecm_goods_statistics gst ON g.goods_id = gst.goods_id  WHERE ORDER BY RAND AND gs.spec_id IS NOT NULL AND s.store_id IS NOT NULL  LIMIT 10
Wrong File:  C:\Program Files\VertrigoServ\www\phienban3\eccore\model\mysql.php[534]	\eccore\model\mysql.php	286
Wed, 28 Sep 2011 16:55:02 +0800	[256]MySQL Error[1064]: You have an error in your SQL syntax; check the manual that corresponds to your MySQL server version for the right syntax to use near 'ORDER BY RAND AND gs.spec_id IS NOT NULL AND s.store_id IS NOT NULL  LIMIT 10' at line 1
MySQL Query:SELECT g.goods_id, g.store_id, g.type, g.goods_name, g.cate_id, g.cate_name, g.brand, g.spec_qty, g.spec_name_1, g.spec_name_2, g.if_show, g.closed, g.add_time, g.recommended, g.default_image, gs.spec_id, gs.spec_1, gs.spec_2, gs.color_rgb, gs.price, gs.stock, s.store_name, s.region_id, s.region_name, s.credit_value, s.sgrade, gst.views, gst.sales, gst.comments FROM ecm_goods g LEFT JOIN ecm_goods_spec gs ON g.default_spec = gs.spec_id LEFT JOIN ecm_store s ON g.store_id = s.store_id LEFT JOIN ecm_goods_statistics gst ON g.goods_id = gst.goods_id  WHERE ORDER BY RAND AND gs.spec_id IS NOT NULL AND s.store_id IS NOT NULL  LIMIT 10
Wrong File:  C:\Program Files\VertrigoServ\www\phienban3\eccore\model\mysql.php[534]	\eccore\model\mysql.php	286
Wed, 28 Sep 2011 16:55:38 +0800	[256]MySQL Error[1064]: You have an error in your SQL syntax; check the manual that corresponds to your MySQL server version for the right syntax to use near 'ORDER BY RAND() AND gs.spec_id IS NOT NULL AND s.store_id IS NOT NULL  LIMIT 10' at line 1
MySQL Query:SELECT g.goods_id, g.store_id, g.type, g.goods_name, g.cate_id, g.cate_name, g.brand, g.spec_qty, g.spec_name_1, g.spec_name_2, g.if_show, g.closed, g.add_time, g.recommended, g.default_image, gs.spec_id, gs.spec_1, gs.spec_2, gs.color_rgb, gs.price, gs.stock, s.store_name, s.region_id, s.region_name, s.credit_value, s.sgrade, gst.views, gst.sales, gst.comments FROM ecm_goods g LEFT JOIN ecm_goods_spec gs ON g.default_spec = gs.spec_id LEFT JOIN ecm_store s ON g.store_id = s.store_id LEFT JOIN ecm_goods_statistics gst ON g.goods_id = gst.goods_id  WHERE ORDER BY RAND() AND gs.spec_id IS NOT NULL AND s.store_id IS NOT NULL  LIMIT 10
Wrong File:  C:\Program Files\VertrigoServ\www\phienban3\eccore\model\mysql.php[534]	\eccore\model\mysql.php	286
Wed, 28 Sep 2011 17:08:20 +0800	[256]MySQL Error[1052]: Column 'store_id' in where clause is ambiguous
MySQL Query:SELECT g.goods_id, g.store_id, g.type, g.goods_name, g.cate_id, g.cate_name, g.brand, g.spec_qty, g.spec_name_1, g.spec_name_2, g.if_show, g.closed, g.add_time, g.recommended, g.default_image, gs.spec_id, gs.spec_1, gs.spec_2, gs.color_rgb, gs.price, gs.stock, s.store_name, s.region_id, s.region_name, s.credit_value, s.sgrade, gst.views, gst.sales, gst.comments FROM ecm_goods g LEFT JOIN ecm_goods_spec gs ON g.default_spec = gs.spec_id LEFT JOIN ecm_store s ON g.store_id = s.store_id LEFT JOIN ecm_goods_statistics gst ON g.goods_id = gst.goods_id  WHERE store_id = 1370 AND gs.spec_id IS NOT NULL AND s.store_id IS NOT NULL  LIMIT 10
Wrong File:  C:\Program Files\VertrigoServ\www\phienban3\eccore\model\mysql.php[534]	\eccore\model\mysql.php	286
Wed, 28 Sep 2011 17:11:35 +0800	[256]MySQL Error[1064]: You have an error in your SQL syntax; check the manual that corresponds to your MySQL server version for the right syntax to use near 'ORDER BY RAND(NOW()) AND gs.spec_id IS NOT NULL AND s.store_id IS NOT NULL  LIMI' at line 1
MySQL Query:SELECT g.goods_id, g.store_id, g.type, g.goods_name, g.cate_id, g.cate_name, g.brand, g.spec_qty, g.spec_name_1, g.spec_name_2, g.if_show, g.closed, g.add_time, g.recommended, g.default_image, gs.spec_id, gs.spec_1, gs.spec_2, gs.color_rgb, gs.price, gs.stock, s.store_name, s.region_id, s.region_name, s.credit_value, s.sgrade, gst.views, gst.sales, gst.comments FROM ecm_goods g LEFT JOIN ecm_goods_spec gs ON g.default_spec = gs.spec_id LEFT JOIN ecm_store s ON g.store_id = s.store_id LEFT JOIN ecm_goods_statistics gst ON g.goods_id = gst.goods_id  WHERE ORDER BY RAND(NOW()) AND gs.spec_id IS NOT NULL AND s.store_id IS NOT NULL  LIMIT 10
Wrong File:  C:\Program Files\VertrigoServ\www\phienban3\eccore\model\mysql.php[534]	\eccore\model\mysql.php	286
Wed, 28 Sep 2011 17:11:37 +0800	[256]MySQL Error[1064]: You have an error in your SQL syntax; check the manual that corresponds to your MySQL server version for the right syntax to use near 'ORDER BY RAND(NOW()) AND gs.spec_id IS NOT NULL AND s.store_id IS NOT NULL  LIMI' at line 1
MySQL Query:SELECT g.goods_id, g.store_id, g.type, g.goods_name, g.cate_id, g.cate_name, g.brand, g.spec_qty, g.spec_name_1, g.spec_name_2, g.if_show, g.closed, g.add_time, g.recommended, g.default_image, gs.spec_id, gs.spec_1, gs.spec_2, gs.color_rgb, gs.price, gs.stock, s.store_name, s.region_id, s.region_name, s.credit_value, s.sgrade, gst.views, gst.sales, gst.comments FROM ecm_goods g LEFT JOIN ecm_goods_spec gs ON g.default_spec = gs.spec_id LEFT JOIN ecm_store s ON g.store_id = s.store_id LEFT JOIN ecm_goods_statistics gst ON g.goods_id = gst.goods_id  WHERE ORDER BY RAND(NOW()) AND gs.spec_id IS NOT NULL AND s.store_id IS NOT NULL  LIMIT 10
Wrong File:  C:\Program Files\VertrigoServ\www\phienban3\eccore\model\mysql.php[534]	\eccore\model\mysql.php	286
Wed, 28 Sep 2011 17:12:18 +0800	[256]MySQL Error[1052]: Column 'store_id' in where clause is ambiguous
MySQL Query:SELECT g.goods_id, g.store_id, g.type, g.goods_name, g.cate_id, g.cate_name, g.brand, g.spec_qty, g.spec_name_1, g.spec_name_2, g.if_show, g.closed, g.add_time, g.recommended, g.default_image, gs.spec_id, gs.spec_1, gs.spec_2, gs.color_rgb, gs.price, gs.stock, s.store_name, s.region_id, s.region_name, s.credit_value, s.sgrade, gst.views, gst.sales, gst.comments FROM ecm_goods g LEFT JOIN ecm_goods_spec gs ON g.default_spec = gs.spec_id LEFT JOIN ecm_store s ON g.store_id = s.store_id LEFT JOIN ecm_goods_statistics gst ON g.goods_id = gst.goods_id  WHERE store_id =1370 AND gs.spec_id IS NOT NULL AND s.store_id IS NOT NULL  LIMIT 10
Wrong File:  C:\Program Files\VertrigoServ\www\phienban3\eccore\model\mysql.php[534]	\eccore\model\mysql.php	286
Wed, 28 Sep 2011 17:14:59 +0800	[256]MySQL Error[1052]: Column 'store_id' in where clause is ambiguous
MySQL Query:SELECT g.goods_id, g.store_id, g.type, g.goods_name, g.cate_id, g.cate_name, g.brand, g.spec_qty, g.spec_name_1, g.spec_name_2, g.if_show, g.closed, g.add_time, g.recommended, g.default_image, gs.spec_id, gs.spec_1, gs.spec_2, gs.color_rgb, gs.price, gs.stock, s.store_name, s.region_id, s.region_name, s.credit_value, s.sgrade, gst.views, gst.sales, gst.comments FROM ecm_goods g LEFT JOIN ecm_goods_spec gs ON g.default_spec = gs.spec_id LEFT JOIN ecm_store s ON g.store_id = s.store_id LEFT JOIN ecm_goods_statistics gst ON g.goods_id = gst.goods_id  WHERE store_id =1370 AND gs.spec_id IS NOT NULL AND s.store_id IS NOT NULL  LIMIT 10
Wrong File:  C:\Program Files\VertrigoServ\www\phienban3\eccore\model\mysql.php[534]	\eccore\model\mysql.php	286
Wed, 28 Sep 2011 17:16:30 +0800	[256]MySQL Error[1052]: Column 'store_id' in where clause is ambiguous
MySQL Query:SELECT g.goods_id, g.store_id, g.type, g.goods_name, g.cate_id, g.cate_name, g.brand, g.spec_qty, g.spec_name_1, g.spec_name_2, g.if_show, g.closed, g.add_time, g.recommended, g.default_image, gs.spec_id, gs.spec_1, gs.spec_2, gs.color_rgb, gs.price, gs.stock, s.store_name, s.region_id, s.region_name, s.credit_value, s.sgrade, gst.views, gst.sales, gst.comments FROM ecm_goods g LEFT JOIN ecm_goods_spec gs ON g.default_spec = gs.spec_id LEFT JOIN ecm_store s ON g.store_id = s.store_id LEFT JOIN ecm_goods_statistics gst ON g.goods_id = gst.goods_id  WHERE store_id =1370 AND gs.spec_id IS NOT NULL AND s.store_id IS NOT NULL  LIMIT 10
Wrong File:  C:\Program Files\VertrigoServ\www\phienban3\eccore\model\mysql.php[534]	\eccore\model\mysql.php	286
Thu, 29 Sep 2011 09:42:26 +0800	[256]MySQL Error[1052]: Column 'store_id' in where clause is ambiguous
MySQL Query:SELECT g.goods_id, g.store_id, g.type, g.goods_name, g.cate_id, g.cate_name, g.brand, g.spec_qty, g.spec_name_1, g.spec_name_2, g.if_show, g.closed, g.add_time, g.recommended, g.default_image, gs.spec_id, gs.spec_1, gs.spec_2, gs.color_rgb, gs.price, gs.stock, s.store_name, s.region_id, s.region_name, s.credit_value, s.sgrade, gst.views, gst.sales, gst.comments FROM ecm_goods g LEFT JOIN ecm_goods_spec gs ON g.default_spec = gs.spec_id LEFT JOIN ecm_store s ON g.store_id = s.store_id LEFT JOIN ecm_goods_statistics gst ON g.goods_id = gst.goods_id  WHERE store_id = 1370 AND gs.spec_id IS NOT NULL AND s.store_id IS NOT NULL  LIMIT 10
Wrong File:  C:\Program Files\VertrigoServ\www\phienban3\eccore\model\mysql.php[534]	\eccore\model\mysql.php	286
